2019-06-24 09:22:47,800 INFO 4131 [egg-schedule]: register schedule /home/hust/user/sp-dashboard/src/node_modules/egg-logrotator/app/schedule/clean_log.js
2019-06-24 09:22:47,800 INFO 4131 [egg-schedule]: register schedule /home/hust/user/sp-dashboard/src/node_modules/egg-logrotator/app/schedule/rotate_by_file.js
2019-06-24 09:22:53,738 INFO 4121 [Timer] /home/hust/user/sp-dashboard/src/node_modules/egg-logrotator/app/schedule/clean_log.js next time will execute after 52626264ms at 2019-06-25 00:00:00.002
2019-06-24 09:22:53,738 INFO 4121 [Timer] /home/hust/user/sp-dashboard/src/node_modules/egg-logrotator/app/schedule/rotate_by_file.js next time will execute after 52627262ms at 2019-06-25 00:00:01.000
2019-06-24 09:36:30,077 INFO 5563 [Timer] /home/hust/user/sp-dashboard/src/node_modules/egg-logrotator/app/schedule/clean_log.js next time will execute after 51809924ms at 2019-06-25 00:00:00.001
2019-06-24 09:36:30,078 INFO 5563 [Timer] /home/hust/user/sp-dashboard/src/node_modules/egg-logrotator/app/schedule/rotate_by_file.js next time will execute after 51810923ms at 2019-06-25 00:00:01.001
2019-06-24 09:36:29,859 INFO 5573 [egg-schedule]: register schedule /home/hust/user/sp-dashboard/src/node_modules/egg-logrotator/app/schedule/clean_log.js
2019-06-24 09:36:29,859 INFO 5573 [egg-schedule]: register schedule /home/hust/user/sp-dashboard/src/node_modules/egg-logrotator/app/schedule/rotate_by_file.js
2019-06-24 09:43:21,065 INFO 5767 [Timer] /home/hust/user/sp-dashboard/src/node_modules/egg-logrotator/app/schedule/clean_log.js next time will execute after 51398937ms at 2019-06-25 00:00:00.002
2019-06-24 09:43:21,065 INFO 5767 [Timer] /home/hust/user/sp-dashboard/src/node_modules/egg-logrotator/app/schedule/rotate_by_file.js next time will execute after 51399935ms at 2019-06-25 00:00:01.000
2019-06-24 09:43:20,844 INFO 5777 [egg-schedule]: register schedule /home/hust/user/sp-dashboard/src/node_modules/egg-logrotator/app/schedule/clean_log.js
2019-06-24 09:43:20,844 INFO 5777 [egg-schedule]: register schedule /home/hust/user/sp-dashboard/src/node_modules/egg-logrotator/app/schedule/rotate_by_file.js
2019-06-24 09:46:43,683 INFO 6412 [egg-schedule]: register schedule /home/hust/user/sp-dashboard/src/node_modules/egg-logrotator/app/schedule/clean_log.js
2019-06-24 09:46:43,683 INFO 6412 [egg-schedule]: register schedule /home/hust/user/sp-dashboard/src/node_modules/egg-logrotator/app/schedule/rotate_by_file.js
2019-06-24 09:46:56,985 INFO 6463 [Timer] /home/hust/user/sp-dashboard/src/node_modules/egg-logrotator/app/schedule/clean_log.js next time will execute after 51183017ms at 2019-06-25 00:00:00.002
2019-06-24 09:46:56,985 INFO 6463 [Timer] /home/hust/user/sp-dashboard/src/node_modules/egg-logrotator/app/schedule/rotate_by_file.js next time will execute after 51184015ms at 2019-06-25 00:00:01.000
2019-06-24 09:46:56,767 INFO 6473 [egg-schedule]: register schedule /home/hust/user/sp-dashboard/src/node_modules/egg-logrotator/app/schedule/clean_log.js
2019-06-24 09:46:56,767 INFO 6473 [egg-schedule]: register schedule /home/hust/user/sp-dashboard/src/node_modules/egg-logrotator/app/schedule/rotate_by_file.js
2019-06-24 09:48:45,564 INFO 6632 [egg-schedule]: register schedule /home/hust/user/sp-dashboard/src/node_modules/egg-logrotator/app/schedule/clean_log.js
2019-06-24 09:48:45,564 INFO 6632 [egg-schedule]: register schedule /home/hust/user/sp-dashboard/src/node_modules/egg-logrotator/app/schedule/rotate_by_file.js
2019-06-24 09:48:51,393 INFO 6673 [Timer] /home/hust/user/sp-dashboard/src/node_modules/egg-logrotator/app/schedule/clean_log.js next time will execute after 51068609ms at 2019-06-25 00:00:00.002
2019-06-24 09:48:51,393 INFO 6673 [Timer] /home/hust/user/sp-dashboard/src/node_modules/egg-logrotator/app/schedule/rotate_by_file.js next time will execute after 51069607ms at 2019-06-25 00:00:01.000
2019-06-24 09:48:51,163 INFO 6683 [egg-schedule]: register schedule /home/hust/user/sp-dashboard/src/node_modules/egg-logrotator/app/schedule/clean_log.js
2019-06-24 09:48:51,163 INFO 6683 [egg-schedule]: register schedule /home/hust/user/sp-dashboard/src/node_modules/egg-logrotator/app/schedule/rotate_by_file.js
2019-06-24 09:50:35,995 INFO 7134 [Timer] /home/hust/user/sp-dashboard/src/node_modules/egg-logrotator/app/schedule/clean_log.js next time will execute after 50964007ms at 2019-06-25 00:00:00.002
2019-06-24 09:50:35,995 INFO 7134 [Timer] /home/hust/user/sp-dashboard/src/node_modules/egg-logrotator/app/schedule/rotate_by_file.js next time will execute after 50965005ms at 2019-06-25 00:00:01.000
2019-06-24 09:50:35,776 INFO 7144 [egg-schedule]: register schedule /home/hust/user/sp-dashboard/src/node_modules/egg-logrotator/app/schedule/clean_log.js
2019-06-24 09:50:35,776 INFO 7144 [egg-schedule]: register schedule /home/hust/user/sp-dashboard/src/node_modules/egg-logrotator/app/schedule/rotate_by_file.js
2019-06-24 09:54:56,217 INFO 7632 [Timer] /home/hust/user/sp-dashboard/src/node_modules/egg-logrotator/app/schedule/clean_log.js next time will execute after 50703784ms at 2019-06-25 00:00:00.001
2019-06-24 09:54:56,218 INFO 7632 [Timer] /home/hust/user/sp-dashboard/src/node_modules/egg-logrotator/app/schedule/rotate_by_file.js next time will execute after 50704783ms at 2019-06-25 00:00:01.001
2019-06-24 09:54:55,999 INFO 7642 [egg-schedule]: register schedule /home/hust/user/sp-dashboard/src/node_modules/egg-logrotator/app/schedule/clean_log.js
2019-06-24 09:54:55,999 INFO 7642 [egg-schedule]: register schedule /home/hust/user/sp-dashboard/src/node_modules/egg-logrotator/app/schedule/rotate_by_file.js
2019-06-24 10:03:35,783 INFO 8335 [egg-schedule]: register schedule /home/hust/user/sp-dashboard/src/node_modules/egg-logrotator/app/schedule/clean_log.js
2019-06-24 10:03:35,783 INFO 8335 [egg-schedule]: register schedule /home/hust/user/sp-dashboard/src/node_modules/egg-logrotator/app/schedule/rotate_by_file.js
2019-06-24 10:03:51,196 INFO 8388 [Timer] /home/hust/user/sp-dashboard/src/node_modules/egg-logrotator/app/schedule/clean_log.js next time will execute after 50168805ms at 2019-06-25 00:00:00.001
2019-06-24 10:03:51,197 INFO 8388 [Timer] /home/hust/user/sp-dashboard/src/node_modules/egg-logrotator/app/schedule/rotate_by_file.js next time will execute after 50169804ms at 2019-06-25 00:00:01.000
2019-06-24 10:03:50,975 INFO 8399 [egg-schedule]: register schedule /home/hust/user/sp-dashboard/src/node_modules/egg-logrotator/app/schedule/clean_log.js
2019-06-24 10:03:50,975 INFO 8399 [egg-schedule]: register schedule /home/hust/user/sp-dashboard/src/node_modules/egg-logrotator/app/schedule/rotate_by_file.js
2019-06-24 10:06:24,688 INFO 9087 [Timer] /home/hust/user/sp-dashboard/src/node_modules/egg-logrotator/app/schedule/clean_log.js next time will execute after 50015313ms at 2019-06-25 00:00:00.001
2019-06-24 10:06:24,689 INFO 9087 [Timer] /home/hust/user/sp-dashboard/src/node_modules/egg-logrotator/app/schedule/rotate_by_file.js next time will execute after 50016312ms at 2019-06-25 00:00:01.001
2019-06-24 10:06:24,462 INFO 9097 [egg-schedule]: register schedule /home/hust/user/sp-dashboard/src/node_modules/egg-logrotator/app/schedule/clean_log.js
2019-06-24 10:06:24,462 INFO 9097 [egg-schedule]: register schedule /home/hust/user/sp-dashboard/src/node_modules/egg-logrotator/app/schedule/rotate_by_file.js
2019-06-24 10:29:31,788 INFO 10365 [egg-schedule]: register schedule /home/hust/user/sp-dashboard/src/node_modules/egg-logrotator/app/schedule/clean_log.js
2019-06-24 10:29:31,788 INFO 10365 [egg-schedule]: register schedule /home/hust/user/sp-dashboard/src/node_modules/egg-logrotator/app/schedule/rotate_by_file.js
2019-06-24 10:33:56,739 INFO 10424 [egg-schedule]: register schedule /home/hust/user/sp-dashboard/src/node_modules/egg-logrotator/app/schedule/clean_log.js
2019-06-24 10:33:56,739 INFO 10424 [egg-schedule]: register schedule /home/hust/user/sp-dashboard/src/node_modules/egg-logrotator/app/schedule/rotate_by_file.js
2019-06-24 11:10:38,694 INFO 11260 [Timer] /home/hust/user/sp-dashboard/src/node_modules/egg-logrotator/app/schedule/clean_log.js next time will execute after 46161307ms at 2019-06-25 00:00:00.001
2019-06-24 11:10:38,695 INFO 11260 [Timer] /home/hust/user/sp-dashboard/src/node_modules/egg-logrotator/app/schedule/rotate_by_file.js next time will execute after 46162306ms at 2019-06-25 00:00:01.001
2019-06-24 11:10:38,474 INFO 11270 [egg-schedule]: register schedule /home/hust/user/sp-dashboard/src/node_modules/egg-logrotator/app/schedule/clean_log.js
2019-06-24 11:10:38,474 INFO 11270 [egg-schedule]: register schedule /home/hust/user/sp-dashboard/src/node_modules/egg-logrotator/app/schedule/rotate_by_file.js
2019-06-24 11:13:08,242 INFO 12047 [egg-schedule]: register schedule /home/hust/user/sp-dashboard/src/node_modules/egg-logrotator/app/schedule/clean_log.js
2019-06-24 11:13:08,242 INFO 12047 [egg-schedule]: register schedule /home/hust/user/sp-dashboard/src/node_modules/egg-logrotator/app/schedule/rotate_by_file.js
2019-06-24 11:14:10,371 INFO 12127 [egg-schedule]: register schedule /home/hust/user/sp-dashboard/src/node_modules/egg-logrotator/app/schedule/clean_log.js
2019-06-24 11:14:10,371 INFO 12127 [egg-schedule]: register schedule /home/hust/user/sp-dashboard/src/node_modules/egg-logrotator/app/schedule/rotate_by_file.js
2019-06-24 11:14:17,093 INFO 12165 [Timer] /home/hust/user/sp-dashboard/src/node_modules/egg-logrotator/app/schedule/clean_log.js next time will execute after 45942909ms at 2019-06-25 00:00:00.002
2019-06-24 11:14:17,094 INFO 12165 [Timer] /home/hust/user/sp-dashboard/src/node_modules/egg-logrotator/app/schedule/rotate_by_file.js next time will execute after 45943907ms at 2019-06-25 00:00:01.001
2019-06-24 11:14:16,868 INFO 12175 [egg-schedule]: register schedule /home/hust/user/sp-dashboard/src/node_modules/egg-logrotator/app/schedule/clean_log.js
2019-06-24 11:14:16,868 INFO 12175 [egg-schedule]: register schedule /home/hust/user/sp-dashboard/src/node_modules/egg-logrotator/app/schedule/rotate_by_file.js
2019-06-24 11:17:55,202 INFO 12508 [Timer] /home/hust/user/sp-dashboard/src/node_modules/egg-logrotator/app/schedule/clean_log.js next time will execute after 45724799ms at 2019-06-25 00:00:00.001
2019-06-24 11:17:55,203 INFO 12508 [Timer] /home/hust/user/sp-dashboard/src/node_modules/egg-logrotator/app/schedule/rotate_by_file.js next time will execute after 45725798ms at 2019-06-25 00:00:01.001
2019-06-24 11:17:54,981 INFO 12518 [egg-schedule]: register schedule /home/hust/user/sp-dashboard/src/node_modules/egg-logrotator/app/schedule/clean_log.js
2019-06-24 11:17:54,981 INFO 12518 [egg-schedule]: register schedule /home/hust/user/sp-dashboard/src/node_modules/egg-logrotator/app/schedule/rotate_by_file.js
2019-06-24 11:21:37,989 INFO 12768 [Timer] /home/hust/user/sp-dashboard/src/node_modules/egg-logrotator/app/schedule/clean_log.js next time will execute after 45502012ms at 2019-06-25 00:00:00.001
2019-06-24 11:21:37,990 INFO 12768 [Timer] /home/hust/user/sp-dashboard/src/node_modules/egg-logrotator/app/schedule/rotate_by_file.js next time will execute after 45503010ms at 2019-06-25 00:00:01.000
2019-06-24 11:21:37,770 INFO 12778 [egg-schedule]: register schedule /home/hust/user/sp-dashboard/src/node_modules/egg-logrotator/app/schedule/clean_log.js
2019-06-24 11:21:37,770 INFO 12778 [egg-schedule]: register schedule /home/hust/user/sp-dashboard/src/node_modules/egg-logrotator/app/schedule/rotate_by_file.js
2019-06-24 11:23:56,468 INFO 12904 [Timer] /home/hust/user/sp-dashboard/src/node_modules/egg-logrotator/app/schedule/clean_log.js next time will execute after 45363534ms at 2019-06-25 00:00:00.002
2019-06-24 11:23:56,468 INFO 12904 [Timer] /home/hust/user/sp-dashboard/src/node_modules/egg-logrotator/app/schedule/rotate_by_file.js next time will execute after 45364532ms at 2019-06-25 00:00:01.000
2019-06-24 11:23:56,245 INFO 12914 [egg-schedule]: register schedule /home/hust/user/sp-dashboard/src/node_modules/egg-logrotator/app/schedule/clean_log.js
2019-06-24 11:23:56,245 INFO 12914 [egg-schedule]: register schedule /home/hust/user/sp-dashboard/src/node_modules/egg-logrotator/app/schedule/rotate_by_file.js
2019-06-24 11:29:32,594 INFO 13096 [Timer] /home/hust/user/sp-dashboard/src/node_modules/egg-logrotator/app/schedule/clean_log.js next time will execute after 45027407ms at 2019-06-25 00:00:00.001
2019-06-24 11:29:32,595 INFO 13096 [Timer] /home/hust/user/sp-dashboard/src/node_modules/egg-logrotator/app/schedule/rotate_by_file.js next time will execute after 45028406ms at 2019-06-25 00:00:01.001
2019-06-24 11:29:32,374 INFO 13106 [egg-schedule]: register schedule /home/hust/user/sp-dashboard/src/node_modules/egg-logrotator/app/schedule/clean_log.js
2019-06-24 11:29:32,374 INFO 13106 [egg-schedule]: register schedule /home/hust/user/sp-dashboard/src/node_modules/egg-logrotator/app/schedule/rotate_by_file.js
2019-06-24 14:53:32,267 INFO 14426 [egg-schedule]: register schedule /home/hust/user/sp-dashboard/src/node_modules/egg-logrotator/app/schedule/clean_log.js
2019-06-24 14:53:32,267 INFO 14426 [egg-schedule]: register schedule /home/hust/user/sp-dashboard/src/node_modules/egg-logrotator/app/schedule/rotate_by_file.js
2019-06-24 14:53:44,594 INFO 14416 [Timer] /home/hust/user/sp-dashboard/src/node_modules/egg-logrotator/app/schedule/clean_log.js next time will execute after 32775408ms at 2019-06-25 00:00:00.002
2019-06-24 14:53:44,594 INFO 14416 [Timer] /home/hust/user/sp-dashboard/src/node_modules/egg-logrotator/app/schedule/rotate_by_file.js next time will execute after 32776406ms at 2019-06-25 00:00:01.000
2019-06-24 14:56:21,436 INFO 14690 [egg-schedule]: register schedule /home/hust/user/sp-dashboard/src/node_modules/egg-logrotator/app/schedule/clean_log.js
2019-06-24 14:56:21,436 INFO 14690 [egg-schedule]: register schedule /home/hust/user/sp-dashboard/src/node_modules/egg-logrotator/app/schedule/rotate_by_file.js
2019-06-24 14:56:27,151 INFO 14730 [Timer] /home/hust/user/sp-dashboard/src/node_modules/egg-logrotator/app/schedule/clean_log.js next time will execute after 32612851ms at 2019-06-25 00:00:00.002
2019-06-24 14:56:27,151 INFO 14730 [Timer] /home/hust/user/sp-dashboard/src/node_modules/egg-logrotator/app/schedule/rotate_by_file.js next time will execute after 32613849ms at 2019-06-25 00:00:01.000
2019-06-24 14:56:26,918 INFO 14740 [egg-schedule]: register schedule /home/hust/user/sp-dashboard/src/node_modules/egg-logrotator/app/schedule/clean_log.js
2019-06-24 14:56:26,918 INFO 14740 [egg-schedule]: register schedule /home/hust/user/sp-dashboard/src/node_modules/egg-logrotator/app/schedule/rotate_by_file.js
2019-06-24 14:58:20,209 INFO 14832 [egg-schedule]: register schedule /home/hust/user/sp-dashboard/src/node_modules/egg-logrotator/app/schedule/clean_log.js
2019-06-24 14:58:20,209 INFO 14832 [egg-schedule]: register schedule /home/hust/user/sp-dashboard/src/node_modules/egg-logrotator/app/schedule/rotate_by_file.js
2019-06-24 14:58:31,505 INFO 14892 [Timer] /home/hust/user/sp-dashboard/src/node_modules/egg-logrotator/app/schedule/clean_log.js next time will execute after 32488497ms at 2019-06-25 00:00:00.002
2019-06-24 14:58:31,505 INFO 14892 [Timer] /home/hust/user/sp-dashboard/src/node_modules/egg-logrotator/app/schedule/rotate_by_file.js next time will execute after 32489495ms at 2019-06-25 00:00:01.000
2019-06-24 14:58:31,286 INFO 14902 [egg-schedule]: register schedule /home/hust/user/sp-dashboard/src/node_modules/egg-logrotator/app/schedule/clean_log.js
2019-06-24 14:58:31,286 INFO 14902 [egg-schedule]: register schedule /home/hust/user/sp-dashboard/src/node_modules/egg-logrotator/app/schedule/rotate_by_file.js
2019-06-24 14:59:17,754 INFO 14989 [Timer] /home/hust/user/sp-dashboard/src/node_modules/egg-logrotator/app/schedule/clean_log.js next time will execute after 32442248ms at 2019-06-25 00:00:00.002
2019-06-24 14:59:17,754 INFO 14989 [Timer] /home/hust/user/sp-dashboard/src/node_modules/egg-logrotator/app/schedule/rotate_by_file.js next time will execute after 32443246ms at 2019-06-25 00:00:01.000
2019-06-24 14:59:17,473 INFO 15001 [egg-schedule]: register schedule /home/hust/user/sp-dashboard/src/node_modules/egg-logrotator/app/schedule/clean_log.js
2019-06-24 14:59:17,473 INFO 15001 [egg-schedule]: register schedule /home/hust/user/sp-dashboard/src/node_modules/egg-logrotator/app/schedule/rotate_by_file.js
2019-06-24 15:12:55,603 INFO 15407 [egg-schedule]: register schedule /home/hust/user/sp-dashboard/src/node_modules/egg-logrotator/app/schedule/clean_log.js
2019-06-24 15:12:55,603 INFO 15407 [egg-schedule]: register schedule /home/hust/user/sp-dashboard/src/node_modules/egg-logrotator/app/schedule/rotate_by_file.js
2019-06-24 15:13:39,375 INFO 15433 [egg-schedule]: register schedule /home/hust/user/sp-dashboard/src/node_modules/egg-logrotator/app/schedule/clean_log.js
2019-06-24 15:13:39,375 INFO 15433 [egg-schedule]: register schedule /home/hust/user/sp-dashboard/src/node_modules/egg-logrotator/app/schedule/rotate_by_file.js
2019-06-24 15:13:49,545 INFO 15479 [Timer] /home/hust/user/sp-dashboard/src/node_modules/egg-logrotator/app/schedule/clean_log.js next time will execute after 31570456ms at 2019-06-25 00:00:00.001
2019-06-24 15:13:49,545 INFO 15479 [Timer] /home/hust/user/sp-dashboard/src/node_modules/egg-logrotator/app/schedule/rotate_by_file.js next time will execute after 31571455ms at 2019-06-25 00:00:01.000
2019-06-24 15:13:49,326 INFO 15489 [egg-schedule]: register schedule /home/hust/user/sp-dashboard/src/node_modules/egg-logrotator/app/schedule/clean_log.js
2019-06-24 15:13:49,326 INFO 15489 [egg-schedule]: register schedule /home/hust/user/sp-dashboard/src/node_modules/egg-logrotator/app/schedule/rotate_by_file.js
2019-06-24 15:16:22,493 INFO 15538 [egg-schedule]: register schedule /home/hust/user/sp-dashboard/src/node_modules/egg-logrotator/app/schedule/clean_log.js
2019-06-24 15:16:22,493 INFO 15538 [egg-schedule]: register schedule /home/hust/user/sp-dashboard/src/node_modules/egg-logrotator/app/schedule/rotate_by_file.js
2019-06-24 15:16:31,719 INFO 15580 [Timer] /home/hust/user/sp-dashboard/src/node_modules/egg-logrotator/app/schedule/clean_log.js next time will execute after 31408283ms at 2019-06-25 00:00:00.002
2019-06-24 15:16:31,720 INFO 15580 [Timer] /home/hust/user/sp-dashboard/src/node_modules/egg-logrotator/app/schedule/rotate_by_file.js next time will execute after 31409281ms at 2019-06-25 00:00:01.001
2019-06-24 15:16:31,489 INFO 15590 [egg-schedule]: register schedule /home/hust/user/sp-dashboard/src/node_modules/egg-logrotator/app/schedule/clean_log.js
2019-06-24 15:16:31,489 INFO 15590 [egg-schedule]: register schedule /home/hust/user/sp-dashboard/src/node_modules/egg-logrotator/app/schedule/rotate_by_file.js
2019-06-24 15:29:15,510 INFO 15940 [egg-schedule]: register schedule /home/hust/user/sp-dashboard/src/node_modules/egg-logrotator/app/schedule/clean_log.js
2019-06-24 15:29:15,510 INFO 15940 [egg-schedule]: register schedule /home/hust/user/sp-dashboard/src/node_modules/egg-logrotator/app/schedule/rotate_by_file.js
2019-06-24 15:29:48,699 INFO 15962 [egg-schedule]: register schedule /home/hust/user/sp-dashboard/src/node_modules/egg-logrotator/app/schedule/clean_log.js
2019-06-24 15:29:48,699 INFO 15962 [egg-schedule]: register schedule /home/hust/user/sp-dashboard/src/node_modules/egg-logrotator/app/schedule/rotate_by_file.js
2019-06-24 15:29:58,319 INFO 16008 [Timer] /home/hust/user/sp-dashboard/src/node_modules/egg-logrotator/app/schedule/clean_log.js next time will execute after 30601682ms at 2019-06-25 00:00:00.001
2019-06-24 15:29:58,319 INFO 16008 [Timer] /home/hust/user/sp-dashboard/src/node_modules/egg-logrotator/app/schedule/rotate_by_file.js next time will execute after 30602681ms at 2019-06-25 00:00:01.000
2019-06-24 15:29:58,099 INFO 16018 [egg-schedule]: register schedule /home/hust/user/sp-dashboard/src/node_modules/egg-logrotator/app/schedule/clean_log.js
2019-06-24 15:29:58,100 INFO 16018 [egg-schedule]: register schedule /home/hust/user/sp-dashboard/src/node_modules/egg-logrotator/app/schedule/rotate_by_file.js
2019-06-24 15:30:33,852 INFO 16057 [egg-schedule]: register schedule /home/hust/user/sp-dashboard/src/node_modules/egg-logrotator/app/schedule/clean_log.js
2019-06-24 15:30:33,852 INFO 16057 [egg-schedule]: register schedule /home/hust/user/sp-dashboard/src/node_modules/egg-logrotator/app/schedule/rotate_by_file.js
2019-06-24 15:30:39,071 INFO 16095 [Timer] /home/hust/user/sp-dashboard/src/node_modules/egg-logrotator/app/schedule/clean_log.js next time will execute after 30560931ms at 2019-06-25 00:00:00.002
2019-06-24 15:30:39,071 INFO 16095 [Timer] /home/hust/user/sp-dashboard/src/node_modules/egg-logrotator/app/schedule/rotate_by_file.js next time will execute after 30561929ms at 2019-06-25 00:00:01.000
2019-06-24 15:30:38,847 INFO 16105 [egg-schedule]: register schedule /home/hust/user/sp-dashboard/src/node_modules/egg-logrotator/app/schedule/clean_log.js
2019-06-24 15:30:38,847 INFO 16105 [egg-schedule]: register schedule /home/hust/user/sp-dashboard/src/node_modules/egg-logrotator/app/schedule/rotate_by_file.js
2019-06-24 15:35:28,454 INFO 16315 [egg-schedule]: register schedule /home/hust/user/sp-dashboard/src/node_modules/egg-logrotator/app/schedule/clean_log.js
2019-06-24 15:35:28,454 INFO 16315 [egg-schedule]: register schedule /home/hust/user/sp-dashboard/src/node_modules/egg-logrotator/app/schedule/rotate_by_file.js
2019-06-24 15:35:34,270 INFO 16354 [Timer] /home/hust/user/sp-dashboard/src/node_modules/egg-logrotator/app/schedule/clean_log.js next time will execute after 30265732ms at 2019-06-25 00:00:00.002
2019-06-24 15:35:34,270 INFO 16354 [Timer] /home/hust/user/sp-dashboard/src/node_modules/egg-logrotator/app/schedule/rotate_by_file.js next time will execute after 30266730ms at 2019-06-25 00:00:01.000
2019-06-24 15:35:34,050 INFO 16364 [egg-schedule]: register schedule /home/hust/user/sp-dashboard/src/node_modules/egg-logrotator/app/schedule/clean_log.js
2019-06-24 15:35:34,051 INFO 16364 [egg-schedule]: register schedule /home/hust/user/sp-dashboard/src/node_modules/egg-logrotator/app/schedule/rotate_by_file.js
2019-06-24 15:36:26,434 INFO 16538 [egg-schedule]: register schedule /home/hust/user/sp-dashboard/src/node_modules/egg-logrotator/app/schedule/clean_log.js
2019-06-24 15:36:26,434 INFO 16538 [egg-schedule]: register schedule /home/hust/user/sp-dashboard/src/node_modules/egg-logrotator/app/schedule/rotate_by_file.js
2019-06-24 15:36:33,173 INFO 16585 [Timer] /home/hust/user/sp-dashboard/src/node_modules/egg-logrotator/app/schedule/clean_log.js next time will execute after 30206829ms at 2019-06-25 00:00:00.002
2019-06-24 15:36:33,173 INFO 16585 [Timer] /home/hust/user/sp-dashboard/src/node_modules/egg-logrotator/app/schedule/rotate_by_file.js next time will execute after 30207827ms at 2019-06-25 00:00:01.000
2019-06-24 15:36:32,941 INFO 16595 [egg-schedule]: register schedule /home/hust/user/sp-dashboard/src/node_modules/egg-logrotator/app/schedule/clean_log.js
2019-06-24 15:36:32,941 INFO 16595 [egg-schedule]: register schedule /home/hust/user/sp-dashboard/src/node_modules/egg-logrotator/app/schedule/rotate_by_file.js
2019-06-24 15:38:42,872 INFO 16745 [egg-schedule]: register schedule /home/hust/user/sp-dashboard/src/node_modules/egg-logrotator/app/schedule/clean_log.js
2019-06-24 15:38:42,872 INFO 16745 [egg-schedule]: register schedule /home/hust/user/sp-dashboard/src/node_modules/egg-logrotator/app/schedule/rotate_by_file.js
2019-06-24 15:39:03,564 INFO 16768 [egg-schedule]: register schedule /home/hust/user/sp-dashboard/src/node_modules/egg-logrotator/app/schedule/clean_log.js
2019-06-24 15:39:03,564 INFO 16768 [egg-schedule]: register schedule /home/hust/user/sp-dashboard/src/node_modules/egg-logrotator/app/schedule/rotate_by_file.js
2019-06-24 15:39:11,928 INFO 16818 [Timer] /home/hust/user/sp-dashboard/src/node_modules/egg-logrotator/app/schedule/clean_log.js next time will execute after 30048074ms at 2019-06-25 00:00:00.002
2019-06-24 15:39:11,928 INFO 16818 [Timer] /home/hust/user/sp-dashboard/src/node_modules/egg-logrotator/app/schedule/rotate_by_file.js next time will execute after 30049072ms at 2019-06-25 00:00:01.000
2019-06-24 15:39:11,709 INFO 16828 [egg-schedule]: register schedule /home/hust/user/sp-dashboard/src/node_modules/egg-logrotator/app/schedule/clean_log.js
2019-06-24 15:39:11,709 INFO 16828 [egg-schedule]: register schedule /home/hust/user/sp-dashboard/src/node_modules/egg-logrotator/app/schedule/rotate_by_file.js
2019-06-24 15:39:52,042 INFO 16863 [egg-schedule]: register schedule /home/hust/user/sp-dashboard/src/node_modules/egg-logrotator/app/schedule/clean_log.js
2019-06-24 15:39:52,042 INFO 16863 [egg-schedule]: register schedule /home/hust/user/sp-dashboard/src/node_modules/egg-logrotator/app/schedule/rotate_by_file.js
2019-06-24 15:39:58,734 INFO 16901 [Timer] /home/hust/user/sp-dashboard/src/node_modules/egg-logrotator/app/schedule/clean_log.js next time will execute after 30001267ms at 2019-06-25 00:00:00.001
2019-06-24 15:39:58,735 INFO 16901 [Timer] /home/hust/user/sp-dashboard/src/node_modules/egg-logrotator/app/schedule/rotate_by_file.js next time will execute after 30002265ms at 2019-06-25 00:00:01.000
2019-06-24 15:39:58,515 INFO 16911 [egg-schedule]: register schedule /home/hust/user/sp-dashboard/src/node_modules/egg-logrotator/app/schedule/clean_log.js
2019-06-24 15:39:58,515 INFO 16911 [egg-schedule]: register schedule /home/hust/user/sp-dashboard/src/node_modules/egg-logrotator/app/schedule/rotate_by_file.js
2019-06-24 15:48:39,404 INFO 17080 [egg-schedule]: register schedule /home/hust/user/sp-dashboard/src/node_modules/egg-logrotator/app/schedule/clean_log.js
2019-06-24 15:48:39,404 INFO 17080 [egg-schedule]: register schedule /home/hust/user/sp-dashboard/src/node_modules/egg-logrotator/app/schedule/rotate_by_file.js
2019-06-24 15:48:47,057 INFO 17129 [Timer] /home/hust/user/sp-dashboard/src/node_modules/egg-logrotator/app/schedule/clean_log.js next time will execute after 29472945ms at 2019-06-25 00:00:00.002
2019-06-24 15:48:47,057 INFO 17129 [Timer] /home/hust/user/sp-dashboard/src/node_modules/egg-logrotator/app/schedule/rotate_by_file.js next time will execute after 29473943ms at 2019-06-25 00:00:01.000
2019-06-24 15:48:46,837 INFO 17139 [egg-schedule]: register schedule /home/hust/user/sp-dashboard/src/node_modules/egg-logrotator/app/schedule/clean_log.js
2019-06-24 15:48:46,837 INFO 17139 [egg-schedule]: register schedule /home/hust/user/sp-dashboard/src/node_modules/egg-logrotator/app/schedule/rotate_by_file.js
2019-06-24 15:49:32,129 INFO 17178 [egg-schedule]: register schedule /home/hust/user/sp-dashboard/src/node_modules/egg-logrotator/app/schedule/clean_log.js
2019-06-24 15:49:32,129 INFO 17178 [egg-schedule]: register schedule /home/hust/user/sp-dashboard/src/node_modules/egg-logrotator/app/schedule/rotate_by_file.js
2019-06-24 15:49:37,600 INFO 17216 [Timer] /home/hust/user/sp-dashboard/src/node_modules/egg-logrotator/app/schedule/clean_log.js next time will execute after 29422401ms at 2019-06-25 00:00:00.001
2019-06-24 15:49:37,600 INFO 17216 [Timer] /home/hust/user/sp-dashboard/src/node_modules/egg-logrotator/app/schedule/rotate_by_file.js next time will execute after 29423400ms at 2019-06-25 00:00:01.000
2019-06-24 15:49:37,384 INFO 17226 [egg-schedule]: register schedule /home/hust/user/sp-dashboard/src/node_modules/egg-logrotator/app/schedule/clean_log.js
2019-06-24 15:49:37,384 INFO 17226 [egg-schedule]: register schedule /home/hust/user/sp-dashboard/src/node_modules/egg-logrotator/app/schedule/rotate_by_file.js
2019-06-24 15:51:14,190 INFO 17271 [egg-schedule]: register schedule /home/hust/user/sp-dashboard/src/node_modules/egg-logrotator/app/schedule/clean_log.js
2019-06-24 15:51:14,190 INFO 17271 [egg-schedule]: register schedule /home/hust/user/sp-dashboard/src/node_modules/egg-logrotator/app/schedule/rotate_by_file.js
2019-06-24 15:51:19,861 INFO 17309 [Timer] /home/hust/user/sp-dashboard/src/node_modules/egg-logrotator/app/schedule/clean_log.js next time will execute after 29320140ms at 2019-06-25 00:00:00.001
2019-06-24 15:51:19,861 INFO 17309 [Timer] /home/hust/user/sp-dashboard/src/node_modules/egg-logrotator/app/schedule/rotate_by_file.js next time will execute after 29321139ms at 2019-06-25 00:00:01.000
2019-06-24 15:51:19,632 INFO 17321 [egg-schedule]: register schedule /home/hust/user/sp-dashboard/src/node_modules/egg-logrotator/app/schedule/clean_log.js
2019-06-24 15:51:19,632 INFO 17321 [egg-schedule]: register schedule /home/hust/user/sp-dashboard/src/node_modules/egg-logrotator/app/schedule/rotate_by_file.js
2019-06-24 15:57:46,776 INFO 17434 [egg-schedule]: register schedule /home/hust/user/sp-dashboard/src/node_modules/egg-logrotator/app/schedule/clean_log.js
2019-06-24 15:57:46,776 INFO 17434 [egg-schedule]: register schedule /home/hust/user/sp-dashboard/src/node_modules/egg-logrotator/app/schedule/rotate_by_file.js
2019-06-24 15:57:51,219 INFO 17474 [Timer] /home/hust/user/sp-dashboard/src/node_modules/egg-logrotator/app/schedule/clean_log.js next time will execute after 28928783ms at 2019-06-25 00:00:00.001
2019-06-24 15:57:51,219 INFO 17474 [Timer] /home/hust/user/sp-dashboard/src/node_modules/egg-logrotator/app/schedule/rotate_by_file.js next time will execute after 28929781ms at 2019-06-25 00:00:01.000
2019-06-24 15:57:50,997 INFO 17484 [egg-schedule]: register schedule /home/hust/user/sp-dashboard/src/node_modules/egg-logrotator/app/schedule/clean_log.js
2019-06-24 15:57:50,997 INFO 17484 [egg-schedule]: register schedule /home/hust/user/sp-dashboard/src/node_modules/egg-logrotator/app/schedule/rotate_by_file.js
2019-06-24 16:02:09,525 INFO 17648 [egg-schedule]: register schedule /home/hust/user/sp-dashboard/src/node_modules/egg-logrotator/app/schedule/clean_log.js
2019-06-24 16:02:09,525 INFO 17648 [egg-schedule]: register schedule /home/hust/user/sp-dashboard/src/node_modules/egg-logrotator/app/schedule/rotate_by_file.js
2019-06-24 16:02:15,394 INFO 17689 [Timer] /home/hust/user/sp-dashboard/src/node_modules/egg-logrotator/app/schedule/clean_log.js next time will execute after 28664609ms at 2019-06-25 00:00:00.003
2019-06-24 16:02:15,395 INFO 17689 [Timer] /home/hust/user/sp-dashboard/src/node_modules/egg-logrotator/app/schedule/rotate_by_file.js next time will execute after 28665606ms at 2019-06-25 00:00:01.001
2019-06-24 16:02:15,170 INFO 17700 [egg-schedule]: register schedule /home/hust/user/sp-dashboard/src/node_modules/egg-logrotator/app/schedule/clean_log.js
2019-06-24 16:02:15,170 INFO 17700 [egg-schedule]: register schedule /home/hust/user/sp-dashboard/src/node_modules/egg-logrotator/app/schedule/rotate_by_file.js
2019-06-24 16:05:02,673 INFO 17779 [egg-schedule]: register schedule /home/hust/user/sp-dashboard/src/node_modules/egg-logrotator/app/schedule/clean_log.js
2019-06-24 16:05:02,673 INFO 17779 [egg-schedule]: register schedule /home/hust/user/sp-dashboard/src/node_modules/egg-logrotator/app/schedule/rotate_by_file.js
2019-06-24 16:05:07,071 INFO 17825 [Timer] /home/hust/user/sp-dashboard/src/node_modules/egg-logrotator/app/schedule/clean_log.js next time will execute after 28492930ms at 2019-06-25 00:00:00.001
2019-06-24 16:05:07,071 INFO 17825 [Timer] /home/hust/user/sp-dashboard/src/node_modules/egg-logrotator/app/schedule/rotate_by_file.js next time will execute after 28493929ms at 2019-06-25 00:00:01.000
2019-06-24 16:05:06,850 INFO 17835 [egg-schedule]: register schedule /home/hust/user/sp-dashboard/src/node_modules/egg-logrotator/app/schedule/clean_log.js
2019-06-24 16:05:06,850 INFO 17835 [egg-schedule]: register schedule /home/hust/user/sp-dashboard/src/node_modules/egg-logrotator/app/schedule/rotate_by_file.js
2019-06-24 16:10:28,647 INFO 17991 [egg-schedule]: register schedule /home/hust/user/sp-dashboard/src/node_modules/egg-logrotator/app/schedule/clean_log.js
2019-06-24 16:10:28,647 INFO 17991 [egg-schedule]: register schedule /home/hust/user/sp-dashboard/src/node_modules/egg-logrotator/app/schedule/rotate_by_file.js
2019-06-24 16:10:34,491 INFO 18029 [Timer] /home/hust/user/sp-dashboard/src/node_modules/egg-logrotator/app/schedule/clean_log.js next time will execute after 28165510ms at 2019-06-25 00:00:00.001
2019-06-24 16:10:34,492 INFO 18029 [Timer] /home/hust/user/sp-dashboard/src/node_modules/egg-logrotator/app/schedule/rotate_by_file.js next time will execute after 28166509ms at 2019-06-25 00:00:01.001
2019-06-24 16:10:34,269 INFO 18039 [egg-schedule]: register schedule /home/hust/user/sp-dashboard/src/node_modules/egg-logrotator/app/schedule/clean_log.js
2019-06-24 16:10:34,269 INFO 18039 [egg-schedule]: register schedule /home/hust/user/sp-dashboard/src/node_modules/egg-logrotator/app/schedule/rotate_by_file.js
2019-06-24 16:10:51,744 INFO 18071 [egg-schedule]: register schedule /home/hust/user/sp-dashboard/src/node_modules/egg-logrotator/app/schedule/clean_log.js
2019-06-24 16:10:51,744 INFO 18071 [egg-schedule]: register schedule /home/hust/user/sp-dashboard/src/node_modules/egg-logrotator/app/schedule/rotate_by_file.js
2019-06-24 16:10:57,784 INFO 18109 [Timer] /home/hust/user/sp-dashboard/src/node_modules/egg-logrotator/app/schedule/clean_log.js next time will execute after 28142218ms at 2019-06-25 00:00:00.002
2019-06-24 16:10:57,784 INFO 18109 [Timer] /home/hust/user/sp-dashboard/src/node_modules/egg-logrotator/app/schedule/rotate_by_file.js next time will execute after 28143216ms at 2019-06-25 00:00:01.000
2019-06-24 16:10:57,557 INFO 18119 [egg-schedule]: register schedule /home/hust/user/sp-dashboard/src/node_modules/egg-logrotator/app/schedule/clean_log.js
2019-06-24 16:10:57,557 INFO 18119 [egg-schedule]: register schedule /home/hust/user/sp-dashboard/src/node_modules/egg-logrotator/app/schedule/rotate_by_file.js
2019-06-24 16:12:10,331 INFO 18155 [egg-schedule]: register schedule /home/hust/user/sp-dashboard/src/node_modules/egg-logrotator/app/schedule/clean_log.js
2019-06-24 16:12:10,331 INFO 18155 [egg-schedule]: register schedule /home/hust/user/sp-dashboard/src/node_modules/egg-logrotator/app/schedule/rotate_by_file.js
2019-06-24 16:12:16,514 INFO 18201 [Timer] /home/hust/user/sp-dashboard/src/node_modules/egg-logrotator/app/schedule/clean_log.js next time will execute after 28063487ms at 2019-06-25 00:00:00.001
2019-06-24 16:12:16,515 INFO 18201 [Timer] /home/hust/user/sp-dashboard/src/node_modules/egg-logrotator/app/schedule/rotate_by_file.js next time will execute after 28064485ms at 2019-06-25 00:00:01.000
2019-06-24 16:12:16,282 INFO 18211 [egg-schedule]: register schedule /home/hust/user/sp-dashboard/src/node_modules/egg-logrotator/app/schedule/clean_log.js
2019-06-24 16:12:16,282 INFO 18211 [egg-schedule]: register schedule /home/hust/user/sp-dashboard/src/node_modules/egg-logrotator/app/schedule/rotate_by_file.js
2019-06-24 16:12:50,251 INFO 18250 [egg-schedule]: register schedule /home/hust/user/sp-dashboard/src/node_modules/egg-logrotator/app/schedule/clean_log.js
2019-06-24 16:12:50,251 INFO 18250 [egg-schedule]: register schedule /home/hust/user/sp-dashboard/src/node_modules/egg-logrotator/app/schedule/rotate_by_file.js
2019-06-24 16:12:54,941 INFO 18288 [Timer] /home/hust/user/sp-dashboard/src/node_modules/egg-logrotator/app/schedule/clean_log.js next time will execute after 28025060ms at 2019-06-25 00:00:00.001
2019-06-24 16:12:54,942 INFO 18288 [Timer] /home/hust/user/sp-dashboard/src/node_modules/egg-logrotator/app/schedule/rotate_by_file.js next time will execute after 28026059ms at 2019-06-25 00:00:01.001
2019-06-24 16:12:54,720 INFO 18298 [egg-schedule]: register schedule /home/hust/user/sp-dashboard/src/node_modules/egg-logrotator/app/schedule/clean_log.js
2019-06-24 16:12:54,720 INFO 18298 [egg-schedule]: register schedule /home/hust/user/sp-dashboard/src/node_modules/egg-logrotator/app/schedule/rotate_by_file.js
2019-06-24 16:21:22,444 INFO 18555 [Timer] /home/hust/user/sp-dashboard/src/node_modules/egg-logrotator/app/schedule/clean_log.js next time will execute after 27517561ms at 2019-06-25 00:00:00.005
2019-06-24 16:21:22,445 INFO 18555 [Timer] /home/hust/user/sp-dashboard/src/node_modules/egg-logrotator/app/schedule/rotate_by_file.js next time will execute after 27518556ms at 2019-06-25 00:00:01.001
2019-06-24 16:21:22,218 INFO 18565 [egg-schedule]: register schedule /home/hust/user/sp-dashboard/src/node_modules/egg-logrotator/app/schedule/clean_log.js
2019-06-24 16:21:22,218 INFO 18565 [egg-schedule]: register schedule /home/hust/user/sp-dashboard/src/node_modules/egg-logrotator/app/schedule/rotate_by_file.js
2019-06-24 16:28:21,731 INFO 18730 [Timer] /home/hust/user/sp-dashboard/src/node_modules/egg-logrotator/app/schedule/clean_log.js next time will execute after 27098271ms at 2019-06-25 00:00:00.002
2019-06-24 16:28:21,733 INFO 18730 [Timer] /home/hust/user/sp-dashboard/src/node_modules/egg-logrotator/app/schedule/rotate_by_file.js next time will execute after 27099269ms at 2019-06-25 00:00:01.002
2019-06-24 16:28:21,493 INFO 18740 [egg-schedule]: register schedule /home/hust/user/sp-dashboard/src/node_modules/egg-logrotator/app/schedule/clean_log.js
2019-06-24 16:28:21,493 INFO 18740 [egg-schedule]: register schedule /home/hust/user/sp-dashboard/src/node_modules/egg-logrotator/app/schedule/rotate_by_file.js
2019-06-24 16:31:33,553 INFO 18907 [Timer] /home/hust/user/sp-dashboard/src/node_modules/egg-logrotator/app/schedule/clean_log.js next time will execute after 26906448ms at 2019-06-25 00:00:00.001
2019-06-24 16:31:33,554 INFO 18907 [Timer] /home/hust/user/sp-dashboard/src/node_modules/egg-logrotator/app/schedule/rotate_by_file.js next time will execute after 26907447ms at 2019-06-25 00:00:01.001
2019-06-24 16:31:33,333 INFO 18917 [egg-schedule]: register schedule /home/hust/user/sp-dashboard/src/node_modules/egg-logrotator/app/schedule/clean_log.js
2019-06-24 16:31:33,333 INFO 18917 [egg-schedule]: register schedule /home/hust/user/sp-dashboard/src/node_modules/egg-logrotator/app/schedule/rotate_by_file.js
2019-06-24 16:34:02,770 INFO 19069 [Timer] /home/hust/user/sp-dashboard/src/node_modules/egg-logrotator/app/schedule/clean_log.js next time will execute after 26757232ms at 2019-06-25 00:00:00.002
2019-06-24 16:34:02,770 INFO 19069 [Timer] /home/hust/user/sp-dashboard/src/node_modules/egg-logrotator/app/schedule/rotate_by_file.js next time will execute after 26758230ms at 2019-06-25 00:00:01.000
2019-06-24 16:34:02,547 INFO 19079 [egg-schedule]: register schedule /home/hust/user/sp-dashboard/src/node_modules/egg-logrotator/app/schedule/clean_log.js
2019-06-24 16:34:02,547 INFO 19079 [egg-schedule]: register schedule /home/hust/user/sp-dashboard/src/node_modules/egg-logrotator/app/schedule/rotate_by_file.js
2019-06-24 16:48:37,606 INFO 19821 [egg-schedule]: register schedule /home/hust/user/sp-dashboard/src/node_modules/egg-logrotator/app/schedule/clean_log.js
2019-06-24 16:48:37,606 INFO 19821 [egg-schedule]: register schedule /home/hust/user/sp-dashboard/src/node_modules/egg-logrotator/app/schedule/rotate_by_file.js
2019-06-24 16:50:17,004 INFO 19926 [Timer] /home/hust/user/sp-dashboard/src/node_modules/egg-logrotator/app/schedule/clean_log.js next time will execute after 25782998ms at 2019-06-25 00:00:00.002
2019-06-24 16:50:17,004 INFO 19926 [Timer] /home/hust/user/sp-dashboard/src/node_modules/egg-logrotator/app/schedule/rotate_by_file.js next time will execute after 25783996ms at 2019-06-25 00:00:01.000
2019-06-24 16:50:16,782 INFO 19936 [egg-schedule]: register schedule /home/hust/user/sp-dashboard/src/node_modules/egg-logrotator/app/schedule/clean_log.js
2019-06-24 16:50:16,782 INFO 19936 [egg-schedule]: register schedule /home/hust/user/sp-dashboard/src/node_modules/egg-logrotator/app/schedule/rotate_by_file.js
2019-06-24 16:52:06,449 INFO 20001 [egg-schedule]: register schedule /home/hust/user/sp-dashboard/src/node_modules/egg-logrotator/app/schedule/clean_log.js
2019-06-24 16:52:06,449 INFO 20001 [egg-schedule]: register schedule /home/hust/user/sp-dashboard/src/node_modules/egg-logrotator/app/schedule/rotate_by_file.js
2019-06-24 16:52:14,282 INFO 20041 [Timer] /home/hust/user/sp-dashboard/src/node_modules/egg-logrotator/app/schedule/clean_log.js next time will execute after 25665720ms at 2019-06-25 00:00:00.002
2019-06-24 16:52:14,282 INFO 20041 [Timer] /home/hust/user/sp-dashboard/src/node_modules/egg-logrotator/app/schedule/rotate_by_file.js next time will execute after 25666718ms at 2019-06-25 00:00:01.000
2019-06-24 16:52:14,056 INFO 20053 [egg-schedule]: register schedule /home/hust/user/sp-dashboard/src/node_modules/egg-logrotator/app/schedule/clean_log.js
2019-06-24 16:52:14,056 INFO 20053 [egg-schedule]: register schedule /home/hust/user/sp-dashboard/src/node_modules/egg-logrotator/app/schedule/rotate_by_file.js
2019-06-24 16:55:12,239 INFO 20141 [egg-schedule]: register schedule /home/hust/user/sp-dashboard/src/node_modules/egg-logrotator/app/schedule/clean_log.js
2019-06-24 16:55:12,239 INFO 20141 [egg-schedule]: register schedule /home/hust/user/sp-dashboard/src/node_modules/egg-logrotator/app/schedule/rotate_by_file.js
2019-06-24 16:56:06,660 INFO 20206 [egg-schedule]: register schedule /home/hust/user/sp-dashboard/src/node_modules/egg-logrotator/app/schedule/clean_log.js
2019-06-24 16:56:06,660 INFO 20206 [egg-schedule]: register schedule /home/hust/user/sp-dashboard/src/node_modules/egg-logrotator/app/schedule/rotate_by_file.js
2019-06-24 16:56:16,356 INFO 20283 [Timer] /home/hust/user/sp-dashboard/src/node_modules/egg-logrotator/app/schedule/clean_log.js next time will execute after 25423645ms at 2019-06-25 00:00:00.001
2019-06-24 16:56:16,356 INFO 20283 [Timer] /home/hust/user/sp-dashboard/src/node_modules/egg-logrotator/app/schedule/rotate_by_file.js next time will execute after 25424644ms at 2019-06-25 00:00:01.000
2019-06-24 16:56:16,125 INFO 20293 [egg-schedule]: register schedule /home/hust/user/sp-dashboard/src/node_modules/egg-logrotator/app/schedule/clean_log.js
2019-06-24 16:56:16,125 INFO 20293 [egg-schedule]: register schedule /home/hust/user/sp-dashboard/src/node_modules/egg-logrotator/app/schedule/rotate_by_file.js
2019-06-24 16:59:28,879 INFO 20670 [Timer] /home/hust/user/sp-dashboard/src/node_modules/egg-logrotator/app/schedule/clean_log.js next time will execute after 25231123ms at 2019-06-25 00:00:00.002
2019-06-24 16:59:28,879 INFO 20670 [Timer] /home/hust/user/sp-dashboard/src/node_modules/egg-logrotator/app/schedule/rotate_by_file.js next time will execute after 25232121ms at 2019-06-25 00:00:01.000
2019-06-24 16:59:28,654 INFO 20680 [egg-schedule]: register schedule /home/hust/user/sp-dashboard/src/node_modules/egg-logrotator/app/schedule/clean_log.js
2019-06-24 16:59:28,654 INFO 20680 [egg-schedule]: register schedule /home/hust/user/sp-dashboard/src/node_modules/egg-logrotator/app/schedule/rotate_by_file.js
2019-06-24 17:01:11,176 INFO 20773 [egg-schedule]: register schedule /home/hust/user/sp-dashboard/src/node_modules/egg-logrotator/app/schedule/clean_log.js
2019-06-24 17:01:11,176 INFO 20773 [egg-schedule]: register schedule /home/hust/user/sp-dashboard/src/node_modules/egg-logrotator/app/schedule/rotate_by_file.js
2019-06-24 17:01:16,017 INFO 20812 [Timer] /home/hust/user/sp-dashboard/src/node_modules/egg-logrotator/app/schedule/clean_log.js next time will execute after 25123985ms at 2019-06-25 00:00:00.002
2019-06-24 17:01:16,017 INFO 20812 [Timer] /home/hust/user/sp-dashboard/src/node_modules/egg-logrotator/app/schedule/rotate_by_file.js next time will execute after 25124983ms at 2019-06-25 00:00:01.000
2019-06-24 17:01:15,787 INFO 20822 [egg-schedule]: register schedule /home/hust/user/sp-dashboard/src/node_modules/egg-logrotator/app/schedule/clean_log.js
2019-06-24 17:01:15,787 INFO 20822 [egg-schedule]: register schedule /home/hust/user/sp-dashboard/src/node_modules/egg-logrotator/app/schedule/rotate_by_file.js
2019-06-24 17:02:09,189 INFO 20907 [egg-schedule]: register schedule /home/hust/user/sp-dashboard/src/node_modules/egg-logrotator/app/schedule/clean_log.js
2019-06-24 17:02:09,189 INFO 20907 [egg-schedule]: register schedule /home/hust/user/sp-dashboard/src/node_modules/egg-logrotator/app/schedule/rotate_by_file.js
2019-06-24 17:02:19,299 INFO 20957 [egg-schedule]: register schedule /home/hust/user/sp-dashboard/src/node_modules/egg-logrotator/app/schedule/clean_log.js
2019-06-24 17:02:19,299 INFO 20957 [egg-schedule]: register schedule /home/hust/user/sp-dashboard/src/node_modules/egg-logrotator/app/schedule/rotate_by_file.js
2019-06-24 17:03:40,107 INFO 21058 [Timer] /home/hust/user/sp-dashboard/src/node_modules/egg-logrotator/app/schedule/clean_log.js next time will execute after 24979894ms at 2019-06-25 00:00:00.001
2019-06-24 17:03:40,107 INFO 21058 [Timer] /home/hust/user/sp-dashboard/src/node_modules/egg-logrotator/app/schedule/rotate_by_file.js next time will execute after 24980893ms at 2019-06-25 00:00:01.000
2019-06-24 17:03:39,881 INFO 21068 [egg-schedule]: register schedule /home/hust/user/sp-dashboard/src/node_modules/egg-logrotator/app/schedule/clean_log.js
2019-06-24 17:03:39,881 INFO 21068 [egg-schedule]: register schedule /home/hust/user/sp-dashboard/src/node_modules/egg-logrotator/app/schedule/rotate_by_file.js
2019-06-24 17:04:09,763 INFO 21128 [egg-schedule]: register schedule /home/hust/user/sp-dashboard/src/node_modules/egg-logrotator/app/schedule/clean_log.js
2019-06-24 17:04:09,763 INFO 21128 [egg-schedule]: register schedule /home/hust/user/sp-dashboard/src/node_modules/egg-logrotator/app/schedule/rotate_by_file.js
2019-06-24 17:04:24,605 INFO 21205 [Timer] /home/hust/user/sp-dashboard/src/node_modules/egg-logrotator/app/schedule/clean_log.js next time will execute after 24935396ms at 2019-06-25 00:00:00.001
2019-06-24 17:04:24,606 INFO 21205 [Timer] /home/hust/user/sp-dashboard/src/node_modules/egg-logrotator/app/schedule/rotate_by_file.js next time will execute after 24936395ms at 2019-06-25 00:00:01.001
2019-06-24 17:04:24,383 INFO 21215 [egg-schedule]: register schedule /home/hust/user/sp-dashboard/src/node_modules/egg-logrotator/app/schedule/clean_log.js
2019-06-24 17:04:24,383 INFO 21215 [egg-schedule]: register schedule /home/hust/user/sp-dashboard/src/node_modules/egg-logrotator/app/schedule/rotate_by_file.js
2019-06-24 17:04:43,203 INFO 21275 [egg-schedule]: register schedule /home/hust/user/sp-dashboard/src/node_modules/egg-logrotator/app/schedule/clean_log.js
2019-06-24 17:04:43,203 INFO 21275 [egg-schedule]: register schedule /home/hust/user/sp-dashboard/src/node_modules/egg-logrotator/app/schedule/rotate_by_file.js
2019-06-24 17:10:05,588 INFO 21479 [Timer] /home/hust/user/sp-dashboard/src/node_modules/egg-logrotator/app/schedule/clean_log.js next time will execute after 24594414ms at 2019-06-25 00:00:00.002
2019-06-24 17:10:05,588 INFO 21479 [Timer] /home/hust/user/sp-dashboard/src/node_modules/egg-logrotator/app/schedule/rotate_by_file.js next time will execute after 24595412ms at 2019-06-25 00:00:01.000
2019-06-24 17:10:05,358 INFO 21491 [egg-schedule]: register schedule /home/hust/user/sp-dashboard/src/node_modules/egg-logrotator/app/schedule/clean_log.js
2019-06-24 17:10:05,358 INFO 21491 [egg-schedule]: register schedule /home/hust/user/sp-dashboard/src/node_modules/egg-logrotator/app/schedule/rotate_by_file.js
2019-06-25 10:22:34,076 INFO 30289 [egg-schedule]: register schedule /home/hust/user/sp-dashboard/src/node_modules/egg-logrotator/app/schedule/clean_log.js
2019-06-25 10:22:34,076 INFO 30289 [egg-schedule]: register schedule /home/hust/user/sp-dashboard/src/node_modules/egg-logrotator/app/schedule/rotate_by_file.js
2019-06-25 10:22:36,397 INFO 30279 [Timer] /home/hust/user/sp-dashboard/src/node_modules/egg-logrotator/app/schedule/clean_log.js next time will execute after 49043604ms at 2019-06-26 00:00:00.001
2019-06-25 10:22:36,398 INFO 30279 [Timer] /home/hust/user/sp-dashboard/src/node_modules/egg-logrotator/app/schedule/rotate_by_file.js next time will execute after 49044603ms at 2019-06-26 00:00:01.001
2019-06-25 10:26:38,185 INFO 30500 [Timer] /home/hust/user/sp-dashboard/src/node_modules/egg-logrotator/app/schedule/clean_log.js next time will execute after 48801818ms at 2019-06-26 00:00:00.003
2019-06-25 10:26:38,186 INFO 30500 [Timer] /home/hust/user/sp-dashboard/src/node_modules/egg-logrotator/app/schedule/rotate_by_file.js next time will execute after 48802815ms at 2019-06-26 00:00:01.001
2019-06-25 10:26:37,876 INFO 30510 [egg-schedule]: register schedule /home/hust/user/sp-dashboard/src/node_modules/egg-logrotator/app/schedule/clean_log.js
2019-06-25 10:26:37,876 INFO 30510 [egg-schedule]: register schedule /home/hust/user/sp-dashboard/src/node_modules/egg-logrotator/app/schedule/rotate_by_file.js
2019-06-25 11:05:02,361 INFO 31561 [egg-schedule]: register schedule /home/hust/user/sp-dashboard/src/node_modules/egg-logrotator/app/schedule/clean_log.js
2019-06-25 11:05:02,361 INFO 31561 [egg-schedule]: register schedule /home/hust/user/sp-dashboard/src/node_modules/egg-logrotator/app/schedule/rotate_by_file.js
2019-06-25 11:17:58,053 INFO 31881 [Timer] /home/hust/user/sp-dashboard/src/node_modules/egg-logrotator/app/schedule/clean_log.js next time will execute after 45721949ms at 2019-06-26 00:00:00.002
2019-06-25 11:17:58,053 INFO 31881 [Timer] /home/hust/user/sp-dashboard/src/node_modules/egg-logrotator/app/schedule/rotate_by_file.js next time will execute after 45722947ms at 2019-06-26 00:00:01.000
2019-06-25 11:17:57,828 INFO 31891 [egg-schedule]: register schedule /home/hust/user/sp-dashboard/src/node_modules/egg-logrotator/app/schedule/clean_log.js
2019-06-25 11:17:57,828 INFO 31891 [egg-schedule]: register schedule /home/hust/user/sp-dashboard/src/node_modules/egg-logrotator/app/schedule/rotate_by_file.js
2019-06-25 11:26:41,462 INFO 32148 [egg-schedule]: register schedule /home/hust/user/sp-dashboard/src/node_modules/egg-logrotator/app/schedule/clean_log.js
2019-06-25 11:26:41,462 INFO 32148 [egg-schedule]: register schedule /home/hust/user/sp-dashboard/src/node_modules/egg-logrotator/app/schedule/rotate_by_file.js
2019-06-25 11:26:47,452 INFO 32188 [Timer] /home/hust/user/sp-dashboard/src/node_modules/egg-logrotator/app/schedule/clean_log.js next time will execute after 45192550ms at 2019-06-26 00:00:00.002
2019-06-25 11:26:47,452 INFO 32188 [Timer] /home/hust/user/sp-dashboard/src/node_modules/egg-logrotator/app/schedule/rotate_by_file.js next time will execute after 45193548ms at 2019-06-26 00:00:01.000
2019-06-25 11:26:47,192 INFO 32198 [egg-schedule]: register schedule /home/hust/user/sp-dashboard/src/node_modules/egg-logrotator/app/schedule/clean_log.js
2019-06-25 11:26:47,192 INFO 32198 [egg-schedule]: register schedule /home/hust/user/sp-dashboard/src/node_modules/egg-logrotator/app/schedule/rotate_by_file.js
2019-06-25 11:28:22,041 INFO 32241 [egg-schedule]: register schedule /home/hust/user/sp-dashboard/src/node_modules/egg-logrotator/app/schedule/clean_log.js
2019-06-25 11:28:22,041 INFO 32241 [egg-schedule]: register schedule /home/hust/user/sp-dashboard/src/node_modules/egg-logrotator/app/schedule/rotate_by_file.js
2019-06-25 11:28:27,536 INFO 32280 [Timer] /home/hust/user/sp-dashboard/src/node_modules/egg-logrotator/app/schedule/clean_log.js next time will execute after 45092468ms at 2019-06-26 00:00:00.004
2019-06-25 11:28:27,537 INFO 32280 [Timer] /home/hust/user/sp-dashboard/src/node_modules/egg-logrotator/app/schedule/rotate_by_file.js next time will execute after 45093464ms at 2019-06-26 00:00:01.001
2019-06-25 11:28:27,276 INFO 32290 [egg-schedule]: register schedule /home/hust/user/sp-dashboard/src/node_modules/egg-logrotator/app/schedule/clean_log.js
2019-06-25 11:28:27,276 INFO 32290 [egg-schedule]: register schedule /home/hust/user/sp-dashboard/src/node_modules/egg-logrotator/app/schedule/rotate_by_file.js
2019-06-25 11:28:51,813 INFO 32325 [egg-schedule]: register schedule /home/hust/user/sp-dashboard/src/node_modules/egg-logrotator/app/schedule/clean_log.js
2019-06-25 11:28:51,813 INFO 32325 [egg-schedule]: register schedule /home/hust/user/sp-dashboard/src/node_modules/egg-logrotator/app/schedule/rotate_by_file.js
2019-06-25 11:28:58,464 INFO 32364 [Timer] /home/hust/user/sp-dashboard/src/node_modules/egg-logrotator/app/schedule/clean_log.js next time will execute after 45061538ms at 2019-06-26 00:00:00.002
2019-06-25 11:28:58,464 INFO 32364 [Timer] /home/hust/user/sp-dashboard/src/node_modules/egg-logrotator/app/schedule/rotate_by_file.js next time will execute after 45062536ms at 2019-06-26 00:00:01.000
2019-06-25 11:28:58,205 INFO 32374 [egg-schedule]: register schedule /home/hust/user/sp-dashboard/src/node_modules/egg-logrotator/app/schedule/clean_log.js
2019-06-25 11:28:58,205 INFO 32374 [egg-schedule]: register schedule /home/hust/user/sp-dashboard/src/node_modules/egg-logrotator/app/schedule/rotate_by_file.js
2019-06-26 15:49:46,494 INFO 7759 [egg-schedule]: register schedule /home/hust/user/sp-dashboard/src/node_modules/egg-logrotator/app/schedule/clean_log.js
2019-06-26 15:49:46,494 INFO 7759 [egg-schedule]: register schedule /home/hust/user/sp-dashboard/src/node_modules/egg-logrotator/app/schedule/rotate_by_file.js
2019-06-26 15:50:42,461 INFO 7891 [Timer] /home/hust/user/sp-dashboard/src/node_modules/egg-logrotator/app/schedule/clean_log.js next time will execute after 29357541ms at 2019-06-27 00:00:00.002
2019-06-26 15:50:42,461 INFO 7891 [Timer] /home/hust/user/sp-dashboard/src/node_modules/egg-logrotator/app/schedule/rotate_by_file.js next time will execute after 29358539ms at 2019-06-27 00:00:01.000
2019-06-26 15:50:42,207 INFO 7901 [egg-schedule]: register schedule /home/hust/user/sp-dashboard/src/node_modules/egg-logrotator/app/schedule/clean_log.js
2019-06-26 15:50:42,207 INFO 7901 [egg-schedule]: register schedule /home/hust/user/sp-dashboard/src/node_modules/egg-logrotator/app/schedule/rotate_by_file.js
2019-06-26 15:58:27,104 INFO 8158 [Timer] /home/hust/user/sp-dashboard/src/node_modules/egg-logrotator/app/schedule/clean_log.js next time will execute after 28892897ms at 2019-06-27 00:00:00.001
2019-06-26 15:58:27,104 INFO 8158 [Timer] /home/hust/user/sp-dashboard/src/node_modules/egg-logrotator/app/schedule/rotate_by_file.js next time will execute after 28893896ms at 2019-06-27 00:00:01.000
2019-06-26 15:58:26,886 INFO 8168 [egg-schedule]: register schedule /home/hust/user/sp-dashboard/src/node_modules/egg-logrotator/app/schedule/clean_log.js
2019-06-26 15:58:26,886 INFO 8168 [egg-schedule]: register schedule /home/hust/user/sp-dashboard/src/node_modules/egg-logrotator/app/schedule/rotate_by_file.js
2019-06-27 15:44:19,648 INFO 10311 [egg-schedule]: register schedule /home/hust/user/sp-dashboard/src/node_modules/egg-logrotator/app/schedule/clean_log.js
2019-06-27 15:44:19,648 INFO 10311 [egg-schedule]: register schedule /home/hust/user/sp-dashboard/src/node_modules/egg-logrotator/app/schedule/rotate_by_file.js
2019-06-27 15:44:26,514 INFO 10301 [Timer] /home/hust/user/sp-dashboard/src/node_modules/egg-logrotator/app/schedule/clean_log.js next time will execute after 29733489ms at 2019-06-28 00:00:00.003
2019-06-27 15:44:26,515 INFO 10301 [Timer] /home/hust/user/sp-dashboard/src/node_modules/egg-logrotator/app/schedule/rotate_by_file.js next time will execute after 29734486ms at 2019-06-28 00:00:01.001
2019-06-27 15:46:29,186 INFO 10373 [egg-schedule]: register schedule /home/hust/user/sp-dashboard/src/node_modules/egg-logrotator/app/schedule/clean_log.js
2019-06-27 15:46:29,186 INFO 10373 [egg-schedule]: register schedule /home/hust/user/sp-dashboard/src/node_modules/egg-logrotator/app/schedule/rotate_by_file.js
2019-06-27 15:46:43,414 INFO 10448 [egg-schedule]: register schedule /home/hust/user/sp-dashboard/src/node_modules/egg-logrotator/app/schedule/clean_log.js
2019-06-27 15:46:43,414 INFO 10448 [egg-schedule]: register schedule /home/hust/user/sp-dashboard/src/node_modules/egg-logrotator/app/schedule/rotate_by_file.js
2019-06-27 15:46:44,257 INFO 10438 [Timer] /home/hust/user/sp-dashboard/src/node_modules/egg-logrotator/app/schedule/clean_log.js next time will execute after 29595745ms at 2019-06-28 00:00:00.002
2019-06-27 15:46:44,257 INFO 10438 [Timer] /home/hust/user/sp-dashboard/src/node_modules/egg-logrotator/app/schedule/rotate_by_file.js next time will execute after 29596743ms at 2019-06-28 00:00:01.000
2019-06-27 15:50:45,579 INFO 10578 [egg-schedule]: register schedule /home/hust/user/sp-dashboard/src/node_modules/egg-logrotator/app/schedule/clean_log.js
2019-06-27 15:50:45,579 INFO 10578 [egg-schedule]: register schedule /home/hust/user/sp-dashboard/src/node_modules/egg-logrotator/app/schedule/rotate_by_file.js
2019-06-27 15:50:54,591 INFO 10568 [Timer] /home/hust/user/sp-dashboard/src/node_modules/egg-logrotator/app/schedule/clean_log.js next time will execute after 29345412ms at 2019-06-28 00:00:00.003
2019-06-27 15:50:54,592 INFO 10568 [Timer] /home/hust/user/sp-dashboard/src/node_modules/egg-logrotator/app/schedule/rotate_by_file.js next time will execute after 29346408ms at 2019-06-28 00:00:01.000
2019-06-27 15:55:23,130 INFO 10732 [egg-schedule]: register schedule /home/hust/user/sp-dashboard/src/node_modules/egg-logrotator/app/schedule/clean_log.js
2019-06-27 15:55:23,130 INFO 10732 [egg-schedule]: register schedule /home/hust/user/sp-dashboard/src/node_modules/egg-logrotator/app/schedule/rotate_by_file.js
2019-06-27 15:55:23,986 INFO 10722 [Timer] /home/hust/user/sp-dashboard/src/node_modules/egg-logrotator/app/schedule/clean_log.js next time will execute after 29076016ms at 2019-06-28 00:00:00.002
2019-06-27 15:55:23,987 INFO 10722 [Timer] /home/hust/user/sp-dashboard/src/node_modules/egg-logrotator/app/schedule/rotate_by_file.js next time will execute after 29077014ms at 2019-06-28 00:00:01.001
2019-06-27 16:03:17,158 INFO 10938 [egg-schedule]: register schedule /home/hust/user/sp-dashboard/src/node_modules/egg-logrotator/app/schedule/clean_log.js
2019-06-27 16:03:17,158 INFO 10938 [egg-schedule]: register schedule /home/hust/user/sp-dashboard/src/node_modules/egg-logrotator/app/schedule/rotate_by_file.js
2019-06-27 16:03:18,026 INFO 10928 [Timer] /home/hust/user/sp-dashboard/src/node_modules/egg-logrotator/app/schedule/clean_log.js next time will execute after 28601977ms at 2019-06-28 00:00:00.003
2019-06-27 16:03:18,027 INFO 10928 [Timer] /home/hust/user/sp-dashboard/src/node_modules/egg-logrotator/app/schedule/rotate_by_file.js next time will execute after 28602973ms at 2019-06-28 00:00:01.000
2019-06-27 16:04:02,425 INFO 11033 [egg-schedule]: register schedule /home/hust/user/sp-dashboard/src/node_modules/egg-logrotator/app/schedule/clean_log.js
2019-06-27 16:04:02,425 INFO 11033 [egg-schedule]: register schedule /home/hust/user/sp-dashboard/src/node_modules/egg-logrotator/app/schedule/rotate_by_file.js
2019-06-27 16:04:03,200 INFO 11023 [Timer] /home/hust/user/sp-dashboard/src/node_modules/egg-logrotator/app/schedule/clean_log.js next time will execute after 28556801ms at 2019-06-28 00:00:00.001
2019-06-27 16:04:03,201 INFO 11023 [Timer] /home/hust/user/sp-dashboard/src/node_modules/egg-logrotator/app/schedule/rotate_by_file.js next time will execute after 28557800ms at 2019-06-28 00:00:01.001
2019-06-27 16:22:03,139 INFO 11398 [egg-schedule]: register schedule /home/hust/user/sp-dashboard/src/node_modules/egg-logrotator/app/schedule/clean_log.js
2019-06-27 16:22:03,139 INFO 11398 [egg-schedule]: register schedule /home/hust/user/sp-dashboard/src/node_modules/egg-logrotator/app/schedule/rotate_by_file.js
2019-06-27 16:22:04,012 INFO 11387 [Timer] /home/hust/user/sp-dashboard/src/node_modules/egg-logrotator/app/schedule/clean_log.js next time will execute after 27475990ms at 2019-06-28 00:00:00.002
2019-06-27 16:22:04,013 INFO 11387 [Timer] /home/hust/user/sp-dashboard/src/node_modules/egg-logrotator/app/schedule/rotate_by_file.js next time will execute after 27476987ms at 2019-06-28 00:00:01.000
2019-07-02 16:06:13,267 INFO 17381 [egg-schedule]: register schedule /home/hust/user/sp-dashboard/src/node_modules/egg-logrotator/app/schedule/clean_log.js
2019-07-02 16:06:13,267 INFO 17381 [egg-schedule]: register schedule /home/hust/user/sp-dashboard/src/node_modules/egg-logrotator/app/schedule/rotate_by_file.js
2019-07-02 16:06:14,778 INFO 17371 [Timer] /home/hust/user/sp-dashboard/src/node_modules/egg-logrotator/app/schedule/clean_log.js next time will execute after 28425224ms at 2019-07-03 00:00:00.002
2019-07-02 16:06:14,778 INFO 17371 [Timer] /home/hust/user/sp-dashboard/src/node_modules/egg-logrotator/app/schedule/rotate_by_file.js next time will execute after 28426222ms at 2019-07-03 00:00:01.000
2019-07-02 16:10:01,498 INFO 17503 [egg-schedule]: register schedule /home/hust/user/sp-dashboard/src/node_modules/egg-logrotator/app/schedule/clean_log.js
2019-07-02 16:10:01,498 INFO 17503 [egg-schedule]: register schedule /home/hust/user/sp-dashboard/src/node_modules/egg-logrotator/app/schedule/rotate_by_file.js
2019-07-02 16:10:08,781 INFO 17566 [egg-schedule]: register schedule /home/hust/user/sp-dashboard/src/node_modules/egg-logrotator/app/schedule/clean_log.js
2019-07-02 16:10:08,781 INFO 17566 [egg-schedule]: register schedule /home/hust/user/sp-dashboard/src/node_modules/egg-logrotator/app/schedule/rotate_by_file.js
2019-07-02 16:10:09,635 INFO 17556 [Timer] /home/hust/user/sp-dashboard/src/node_modules/egg-logrotator/app/schedule/clean_log.js next time will execute after 28190367ms at 2019-07-03 00:00:00.002
2019-07-02 16:10:09,635 INFO 17556 [Timer] /home/hust/user/sp-dashboard/src/node_modules/egg-logrotator/app/schedule/rotate_by_file.js next time will execute after 28191365ms at 2019-07-03 00:00:01.000
2019-07-02 16:14:16,356 INFO 17650 [egg-schedule]: register schedule /home/hust/user/sp-dashboard/src/node_modules/egg-logrotator/app/schedule/clean_log.js
2019-07-02 16:14:16,356 INFO 17650 [egg-schedule]: register schedule /home/hust/user/sp-dashboard/src/node_modules/egg-logrotator/app/schedule/rotate_by_file.js
2019-07-02 16:14:23,351 INFO 17704 [egg-schedule]: register schedule /home/hust/user/sp-dashboard/src/node_modules/egg-logrotator/app/schedule/clean_log.js
2019-07-02 16:14:23,351 INFO 17704 [egg-schedule]: register schedule /home/hust/user/sp-dashboard/src/node_modules/egg-logrotator/app/schedule/rotate_by_file.js
2019-07-02 16:14:24,229 INFO 17694 [Timer] /home/hust/user/sp-dashboard/src/node_modules/egg-logrotator/app/schedule/clean_log.js next time will execute after 27935774ms at 2019-07-03 00:00:00.003
2019-07-02 16:14:24,229 INFO 17694 [Timer] /home/hust/user/sp-dashboard/src/node_modules/egg-logrotator/app/schedule/rotate_by_file.js next time will execute after 27936771ms at 2019-07-03 00:00:01.000
2019-07-02 16:16:48,812 INFO 17783 [egg-schedule]: register schedule /home/hust/user/sp-dashboard/src/node_modules/egg-logrotator/app/schedule/clean_log.js
2019-07-02 16:16:48,812 INFO 17783 [egg-schedule]: register schedule /home/hust/user/sp-dashboard/src/node_modules/egg-logrotator/app/schedule/rotate_by_file.js
2019-07-02 16:17:12,628 INFO 17843 [egg-schedule]: register schedule /home/hust/user/sp-dashboard/src/node_modules/egg-logrotator/app/schedule/clean_log.js
2019-07-02 16:17:12,628 INFO 17843 [egg-schedule]: register schedule /home/hust/user/sp-dashboard/src/node_modules/egg-logrotator/app/schedule/rotate_by_file.js
2019-07-02 16:17:13,479 INFO 17833 [Timer] /home/hust/user/sp-dashboard/src/node_modules/egg-logrotator/app/schedule/clean_log.js next time will execute after 27766522ms at 2019-07-03 00:00:00.001
2019-07-02 16:17:13,480 INFO 17833 [Timer] /home/hust/user/sp-dashboard/src/node_modules/egg-logrotator/app/schedule/rotate_by_file.js next time will execute after 27767520ms at 2019-07-03 00:00:01.000
2019-07-02 16:35:54,442 INFO 18172 [egg-schedule]: register schedule /home/hust/user/sp-dashboard/src/node_modules/egg-logrotator/app/schedule/clean_log.js
2019-07-02 16:35:54,442 INFO 18172 [egg-schedule]: register schedule /home/hust/user/sp-dashboard/src/node_modules/egg-logrotator/app/schedule/rotate_by_file.js
2019-07-02 16:35:55,294 INFO 18162 [Timer] /home/hust/user/sp-dashboard/src/node_modules/egg-logrotator/app/schedule/clean_log.js next time will execute after 26644708ms at 2019-07-03 00:00:00.002
2019-07-02 16:35:55,294 INFO 18162 [Timer] /home/hust/user/sp-dashboard/src/node_modules/egg-logrotator/app/schedule/rotate_by_file.js next time will execute after 26645706ms at 2019-07-03 00:00:01.000
2019-07-02 16:36:58,795 INFO 18266 [egg-schedule]: register schedule /home/hust/user/sp-dashboard/src/node_modules/egg-logrotator/app/schedule/clean_log.js
2019-07-02 16:36:58,795 INFO 18266 [egg-schedule]: register schedule /home/hust/user/sp-dashboard/src/node_modules/egg-logrotator/app/schedule/rotate_by_file.js
2019-07-02 16:36:59,817 INFO 18256 [Timer] /home/hust/user/sp-dashboard/src/node_modules/egg-logrotator/app/schedule/clean_log.js next time will execute after 26580187ms at 2019-07-03 00:00:00.004
2019-07-02 16:36:59,818 INFO 18256 [Timer] /home/hust/user/sp-dashboard/src/node_modules/egg-logrotator/app/schedule/rotate_by_file.js next time will execute after 26581183ms at 2019-07-03 00:00:01.001
2019-07-02 16:38:34,209 INFO 18340 [egg-schedule]: register schedule /home/hust/user/sp-dashboard/src/node_modules/egg-logrotator/app/schedule/clean_log.js
2019-07-02 16:38:34,209 INFO 18340 [egg-schedule]: register schedule /home/hust/user/sp-dashboard/src/node_modules/egg-logrotator/app/schedule/rotate_by_file.js
2019-07-02 16:38:40,547 INFO 18403 [egg-schedule]: register schedule /home/hust/user/sp-dashboard/src/node_modules/egg-logrotator/app/schedule/clean_log.js
2019-07-02 16:38:40,547 INFO 18403 [egg-schedule]: register schedule /home/hust/user/sp-dashboard/src/node_modules/egg-logrotator/app/schedule/rotate_by_file.js
2019-07-02 16:38:41,623 INFO 18392 [Timer] /home/hust/user/sp-dashboard/src/node_modules/egg-logrotator/app/schedule/clean_log.js next time will execute after 26478379ms at 2019-07-03 00:00:00.002
2019-07-02 16:38:41,623 INFO 18392 [Timer] /home/hust/user/sp-dashboard/src/node_modules/egg-logrotator/app/schedule/rotate_by_file.js next time will execute after 26479377ms at 2019-07-03 00:00:01.000
2019-07-02 16:39:33,359 INFO 18456 [egg-schedule]: register schedule /home/hust/user/sp-dashboard/src/node_modules/egg-logrotator/app/schedule/clean_log.js
2019-07-02 16:39:33,359 INFO 18456 [egg-schedule]: register schedule /home/hust/user/sp-dashboard/src/node_modules/egg-logrotator/app/schedule/rotate_by_file.js
2019-07-02 16:40:41,202 INFO 18551 [egg-schedule]: register schedule /home/hust/user/sp-dashboard/src/node_modules/egg-logrotator/app/schedule/clean_log.js
2019-07-02 16:40:41,203 INFO 18551 [egg-schedule]: register schedule /home/hust/user/sp-dashboard/src/node_modules/egg-logrotator/app/schedule/rotate_by_file.js
2019-07-02 16:40:42,069 INFO 18541 [Timer] /home/hust/user/sp-dashboard/src/node_modules/egg-logrotator/app/schedule/clean_log.js next time will execute after 26357933ms at 2019-07-03 00:00:00.002
2019-07-02 16:40:42,070 INFO 18541 [Timer] /home/hust/user/sp-dashboard/src/node_modules/egg-logrotator/app/schedule/rotate_by_file.js next time will execute after 26358931ms at 2019-07-03 00:00:01.001
2019-07-02 17:06:06,765 INFO 19168 [egg-schedule]: register schedule /home/hust/user/sp-dashboard/src/node_modules/egg-logrotator/app/schedule/clean_log.js
2019-07-02 17:06:06,765 INFO 19168 [egg-schedule]: register schedule /home/hust/user/sp-dashboard/src/node_modules/egg-logrotator/app/schedule/rotate_by_file.js
2019-07-02 17:06:07,567 INFO 19158 [Timer] /home/hust/user/sp-dashboard/src/node_modules/egg-logrotator/app/schedule/clean_log.js next time will execute after 24832435ms at 2019-07-03 00:00:00.002
2019-07-02 17:06:07,567 INFO 19158 [Timer] /home/hust/user/sp-dashboard/src/node_modules/egg-logrotator/app/schedule/rotate_by_file.js next time will execute after 24833433ms at 2019-07-03 00:00:01.000
2019-07-02 17:19:44,022 INFO 19400 [egg-schedule]: register schedule /home/hust/user/sp-dashboard/src/node_modules/egg-logrotator/app/schedule/clean_log.js
2019-07-02 17:19:44,022 INFO 19400 [egg-schedule]: register schedule /home/hust/user/sp-dashboard/src/node_modules/egg-logrotator/app/schedule/rotate_by_file.js
2019-07-02 17:20:40,213 INFO 19439 [egg-schedule]: register schedule /home/hust/user/sp-dashboard/src/node_modules/egg-logrotator/app/schedule/clean_log.js
2019-07-02 17:20:40,213 INFO 19439 [egg-schedule]: register schedule /home/hust/user/sp-dashboard/src/node_modules/egg-logrotator/app/schedule/rotate_by_file.js
2019-07-03 11:42:32,950 INFO 3425 [egg-schedule]: register schedule /home/hust/user/sp-dashboard/src/node_modules/egg-logrotator/app/schedule/clean_log.js
2019-07-03 11:42:32,950 INFO 3425 [egg-schedule]: register schedule /home/hust/user/sp-dashboard/src/node_modules/egg-logrotator/app/schedule/rotate_by_file.js
2019-07-03 11:42:41,384 INFO 3413 [Timer] /home/hust/user/sp-dashboard/src/node_modules/egg-logrotator/app/schedule/clean_log.js next time will execute after 44238618ms at 2019-07-04 00:00:00.002
2019-07-03 11:42:41,384 INFO 3413 [Timer] /home/hust/user/sp-dashboard/src/node_modules/egg-logrotator/app/schedule/rotate_by_file.js next time will execute after 44239616ms at 2019-07-04 00:00:01.000
